 *****************
 * FINAL SUMMARY *
 *****************

 - - - - - - - - - - - - - - - - - - - - - - - - - - - - -
  Barrel Stack Layer: 0
   # Rods:            24
   # Modules/Rod:     42
   # Modules          1008
  Inner sensor average radius:  30.1484 [cm]
    Outer sensor average radius:  30.2483 [cm]
      Average sensor separation:    0.999993 [mm]
  Max length of Stack Layer:    181.734 [cm]
  Total active surface:         171599 [cm^2]
  Inner sensor channels:        68608
               rows:            1024
               columns:         67
  Inner sensor average pitch X: 90 [um]
                             Y: 1381 [um]
  Inner sensor ROCs X:          8
                    Y:          67
                    total:      536
  Outer sensor channels:        68608
               rows:            1024
               columns:         67
  Outer sensor average pitch X: 90 [um]
                             Y: 1381 [um]
  Outer sensor ROCs X:          8
                    Y:          67
                    total:      536

 - - - - - - - - - - - - - - - - - - - - - - - - - - - - -
  Barrel Stack Layer: 1
   # Rods:            24
   # Modules/Rod:     48
   # Modules          1152
  Inner sensor average radius:  34.1485 [cm]
    Outer sensor average radius:  34.2486 [cm]
      Average sensor separation:    1.00001 [mm]
  Max length of Stack Layer:    209.535 [cm]
  Total active surface:         196113 [cm^2]
  Inner sensor channels:        68608
               rows:            1024
               columns:         67
  Inner sensor average pitch X: 90 [um]
                             Y: 1381 [um]
  Inner sensor ROCs X:          8
                    Y:          67
                    total:      536
  Outer sensor channels:        68608
               rows:            1024
               columns:         67
  Outer sensor average pitch X: 90 [um]
                             Y: 1381 [um]
  Outer sensor ROCs X:          8
                    Y:          67
                    total:      536

 - - - - - - - - - - - - - - - - - - - - - - - - - - - - -
  Barrel Stack Layer: 2
   # Rods:            36
   # Modules/Rod:     12
   # Modules          432
  Inner sensor average radius:  47.3489 [cm]
    Outer sensor average radius:  47.4489 [cm]
      Average sensor separation:    1 [mm]
  Max length of Stack Layer:    248.763 [cm]
  Total active surface:         73542.3 [cm^2]
  Inner sensor channels:        68608
               rows:            1024
               columns:         67
  Inner sensor average pitch X: 90 [um]
                             Y: 1381 [um]
  Inner sensor ROCs X:          8
                    Y:          67
                    total:      536
  Outer sensor channels:        68608
               rows:            1024
               columns:         67
  Outer sensor average pitch X: 90 [um]
                             Y: 1381 [um]
  Outer sensor ROCs X:          8
                    Y:          67
                    total:      536

 - - - - - - - - - - - - - - - - - - - - - - - - - - - - -
  Barrel Stack Layer: 3
   # Rods:            36
   # Modules/Rod:     12
   # Modules          432
  Inner sensor average radius:  51.349 [cm]
    Outer sensor average radius:  51.449 [cm]
      Average sensor separation:    1 [mm]
  Max length of Stack Layer:    248.763 [cm]
  Total active surface:         73542.3 [cm^2]
  Inner sensor channels:        68608
               rows:            1024
               columns:         67
  Inner sensor average pitch X: 90 [um]
                             Y: 1381 [um]
  Inner sensor ROCs X:          8
                    Y:          67
                    total:      536
  Outer sensor channels:        68608
               rows:            1024
               columns:         67
  Outer sensor average pitch X: 90 [um]
                             Y: 1381 [um]
  Outer sensor ROCs X:          8
                    Y:          67
                    total:      536

 - - - - - - - - - - - - - - - - - - - - - - - - - - - - -
  Barrel Stack Layer: 4
   # Rods:            48
   # Modules/Rod:     58
   # Modules          2784
  Inner sensor average radius:  65.0394 [cm]
    Outer sensor average radius:  65.1394 [cm]
      Average sensor separation:    0.999997 [mm]
  Max length of Stack Layer:    248.763 [cm]
  Total active surface:         473939 [cm^2]
  Inner sensor channels:        68608
               rows:            1024
               columns:         67
  Inner sensor average pitch X: 90 [um]
                             Y: 1381 [um]
  Inner sensor ROCs X:          8
                    Y:          67
                    total:      536
  Outer sensor channels:        68608
               rows:            1024
               columns:         67
  Outer sensor average pitch X: 90 [um]
                             Y: 1381 [um]
  Outer sensor ROCs X:          8
                    Y:          67
                    total:      536

 - - - - - - - - - - - - - - - - - - - - - - - - - - - - -
  Barrel Stack Layer: 5
   # Rods:            48
   # Modules/Rod:     58
   # Modules          2784
  Inner sensor average radius:  69.0394 [cm]
    Outer sensor average radius:  69.1394 [cm]
      Average sensor separation:    1 [mm]
  Max length of Stack Layer:    248.763 [cm]
  Total active surface:         473939 [cm^2]
  Inner sensor channels:        68608
               rows:            1024
               columns:         67
  Inner sensor average pitch X: 90 [um]
                             Y: 1381 [um]
  Inner sensor ROCs X:          8
                    Y:          67
                    total:      536
  Outer sensor channels:        68608
               rows:            1024
               columns:         67
  Outer sensor average pitch X: 90 [um]
                             Y: 1381 [um]
  Outer sensor ROCs X:          8
                    Y:          67
                    total:      536

 - - - - - - - - - - - - - - - - - - - - - - - - - - - - -
  Barrel Stack Layer: 6
   # Rods:            60
   # Modules/Rod:     12
   # Modules          720
  Inner sensor average radius:  81.8493 [cm]
    Outer sensor average radius:  81.9493 [cm]
      Average sensor separation:    0.999994 [mm]
  Max length of Stack Layer:    248.763 [cm]
  Total active surface:         122570 [cm^2]
  Inner sensor channels:        68608
               rows:            1024
               columns:         67
  Inner sensor average pitch X: 90 [um]
                             Y: 1381 [um]
  Inner sensor ROCs X:          8
                    Y:          67
                    total:      536
  Outer sensor channels:        68608
               rows:            1024
               columns:         67
  Outer sensor average pitch X: 90 [um]
                             Y: 1381 [um]
  Outer sensor ROCs X:          8
                    Y:          67
                    total:      536

 - - - - - - - - - - - - - - - - - - - - - - - - - - - - -
  Barrel Stack Layer: 7
   # Rods:            60
   # Modules/Rod:     12
   # Modules          720
  Inner sensor average radius:  85.8494 [cm]
    Outer sensor average radius:  85.9494 [cm]
      Average sensor separation:    0.999995 [mm]
  Max length of Stack Layer:    248.763 [cm]
  Total active surface:         122570 [cm^2]
  Inner sensor channels:        68608
               rows:            1024
               columns:         67
  Inner sensor average pitch X: 90 [um]
                             Y: 1381 [um]
  Inner sensor ROCs X:          8
                    Y:          67
                    total:      536
  Outer sensor channels:        68608
               rows:            1024
               columns:         67
  Outer sensor average pitch X: 90 [um]
                             Y: 1381 [um]
  Outer sensor ROCs X:          8
                    Y:          67
                    total:      536

 - - - - - - - - - - - - - - - - - - - - - - - - - - - - -
  Barrel Stack Layer: 8
   # Rods:            72
   # Modules/Rod:     58
   # Modules          4176
  Inner sensor average radius:  98.3494 [cm]
    Outer sensor average radius:  98.4495 [cm]
      Average sensor separation:    1.00001 [mm]
  Max length of Stack Layer:    248.763 [cm]
  Total active surface:         710909 [cm^2]
  Inner sensor channels:        68608
               rows:            1024
               columns:         67
  Inner sensor average pitch X: 90 [um]
                             Y: 1381 [um]
  Inner sensor ROCs X:          8
                    Y:          67
                    total:      536
  Outer sensor channels:        68608
               rows:            1024
               columns:         67
  Outer sensor average pitch X: 90 [um]
                             Y: 1381 [um]
  Outer sensor ROCs X:          8
                    Y:          67
                    total:      536

 - - - - - - - - - - - - - - - - - - - - - - - - - - - - -
  Barrel Stack Layer: 9
   # Rods:            72
   # Modules/Rod:     58
   # Modules          4176
  Inner sensor average radius:  102.349 [cm]
    Outer sensor average radius:  102.45 [cm]
      Average sensor separation:    1.00001 [mm]
  Max length of Stack Layer:    248.763 [cm]
  Total active surface:         710909 [cm^2]
  Inner sensor channels:        68608
               rows:            1024
               columns:         67
  Inner sensor average pitch X: 90 [um]
                             Y: 1381 [um]
  Inner sensor ROCs X:          8
                    Y:          67
                    total:      536
  Outer sensor channels:        68608
               rows:            1024
               columns:         67
  Outer sensor average pitch X: 90 [um]
                             Y: 1381 [um]
  Outer sensor ROCs X:          8
                    Y:          67
                    total:      536
